The system is: Windows - 10.0.19041 - AMD64
Compiling the CXX compiler identification source file "CMakeCXXCompilerId.cpp" succeeded.
Compiler: C:/Program Files (x86)/Visual Studio 2019/VC/Tools/MSVC/14.27.29110/bin/HostX64/x64/cl.exe 
Build flags: 
Id flags:  

The output was:
0
Microsoft (R) C/C++ Optimizing Compiler Version 19.27.29112 for x64
Copyright (C) Microsoft Corporation.  All rights reserved.

CMakeCXXCompilerId.cpp
Microsoft (R) Incremental Linker Version 14.27.29112.0
Copyright (C) Microsoft Corporation.  All rights reserved.

/out:CMakeCXXCompilerId.exe 
CMakeCXXCompilerId.obj 


Compilation of the CXX compiler identification source "CMakeCXXCompilerId.cpp" produced "CMakeCXXCompilerId.exe"

Compilation of the CXX compiler identification source "CMakeCXXCompilerId.cpp" produced "CMakeCXXCompilerId.obj"

The CXX compiler identification is MSVC, found in "D:/Users/richa/Desktop/Misc/Github Repositories/Omegacam/Omegacam-Windows/build-Omegacam-Desktop_Qt_5_15_2_MSVC2019_64bit-Release/CMakeFiles/3.19.0/CompilerIdCXX/CMakeCXXCompilerId.exe"

Detecting CXX compiler ABI info compiled with the following output:
Change Dir: D:/Users/richa/Desktop/Misc/Github Repositories/Omegacam/Omegacam-Windows/build-Omegacam-Desktop_Qt_5_15_2_MSVC2019_64bit-Release/CMakeFiles/CMakeTmp

Run Build Command(s):C:/Program Files (x86)/Visual Studio 2019/Common7/IDE/CommonExtensions/Microsoft/CMake/Ninja/ninja.exe cmTC_7c64e && [1/2] Building CXX object CMakeFiles\cmTC_7c64e.dir\CMakeCXXCompilerABI.cpp.obj
[2/2] Linking CXX executable cmTC_7c64e.exe



