The system is: Windows - 10.0.19041 - AMD64
Compiling the CXX compiler identification source file "CMakeCXXCompilerId.cpp" succeeded.
Compiler: C:/Program Files (x86)/Visual Studio 2019/VC/Tools/MSVC/14.27.29110/bin/Hostx64/x64/cl.exe 
Build flags: 
Id flags:  

The output was:
0
Microsoft (R) C/C++ Optimizing Compiler Version 19.27.29112 for x64
Copyright (C) Microsoft Corporation.  All rights reserved.

CMakeCXXCompilerId.cpp
Microsoft (R) Incremental Linker Version 14.27.29112.0
Copyright (C) Microsoft Corporation.  All rights reserved.

/out:CMakeCXXCompilerId.exe 
CMakeCXXCompilerId.obj 


Compilation of the CXX compiler identification source "CMakeCXXCompilerId.cpp" produced "CMakeCXXCompilerId.exe"

Compilation of the CXX compiler identification source "CMakeCXXCompilerId.cpp" produced "CMakeCXXCompilerId.obj"

The CXX compiler identification is MSVC, found in "D:/Users/richa/Desktop/Misc/Github Repositories/Omegacam/Omegacam/Omegacam-Windows/Omegacam/out/build/x64-Debug (default)/CMakeFiles/3.17.20032601-MSVC_2/CompilerIdCXX/CMakeCXXCompilerId.exe"

Determining if the CXX compiler works passed with the following output:
Change Dir: D:/Users/richa/Desktop/Misc/Github Repositories/Omegacam/Omegacam/Omegacam-Windows/Omegacam/out/build/x64-Debug (default)/CMakeFiles/CMakeTmp

Run Build Command(s):C:/Program Files (x86)/Visual Studio 2019/Common7/IDE/CommonExtensions/Microsoft/CMake/Ninja/ninja.exe cmTC_9affa && [1/2] Building CXX object CMakeFiles\cmTC_9affa.dir\testCXXCompiler.cxx.obj
[2/2] Linking CXX executable cmTC_9affa.exe



Detecting CXX compiler ABI info compiled with the following output:
Change Dir: D:/Users/richa/Desktop/Misc/Github Repositories/Omegacam/Omegacam/Omegacam-Windows/Omegacam/out/build/x64-Debug (default)/CMakeFiles/CMakeTmp

Run Build Command(s):C:/Program Files (x86)/Visual Studio 2019/Common7/IDE/CommonExtensions/Microsoft/CMake/Ninja/ninja.exe cmTC_b7a4e && [1/2] Building CXX object CMakeFiles\cmTC_b7a4e.dir\CMakeCXXCompilerABI.cpp.obj
[2/2] Linking CXX executable cmTC_b7a4e.exe



